Problem:    gyak0914_2
Rows:       8
Columns:    5 (5 integer, 5 binary)
Non-zeros:  25
Status:     INTEGER OPTIMAL
Objective:  Festivals = 2 (MINimum)

   No.   Row name        Activity     Lower bound   Upper bound
------ ------------    ------------- ------------- -------------
     1 H                           2             1               
     2 S                           1             1               
     3 EP                          1             1               
     4 D                           1             1               
     5 A                           1             1               
     6 L                           2             1               
     7 EL                          1             1               
     8 Festivals                   2                             

   No. Column name       Activity     Lower bound   Upper bound
------ ------------    ------------- ------------- -------------
     1 f1           *              0             0             1 
     2 f2           *              0             0             1 
     3 f3           *              1             0             1 
     4 f4           *              1             0             1 
     5 f5           *              0             0             1 

Integer feasibility conditions:

KKT.PE: max.abs.err = 0.00e+00 on row 0
        max.rel.err = 0.00e+00 on row 0
        High quality

KKT.PB: max.abs.err = 0.00e+00 on row 0
        max.rel.err = 0.00e+00 on row 0
        High quality

End of output
