Problem:    gyak0914
Rows:       3
Columns:    10 (10 integer, 0 binary)
Non-zeros:  30
Status:     INTEGER OPTIMAL
Objective:  TotelIncome = 208320 (MAXimum)

   No.   Row name        Activity     Lower bound   Upper bound
------ ------------    ------------- ------------- -------------
     1 WINE                     1000                        1000 
     2 SODA                     1500                        1500 
     3 TotelIncome            208320                             

   No. Column name       Activity     Lower bound   Upper bound
------ ------------    ------------- ------------- -------------
     1 xKF          *            832             0               
     2 xNF          *              0             0               
     3 xHL          *              2             0               
     4 xHM          *              0             0               
     5 xVHM         *              0             0               
     6 xKR          *              0             0               
     7 xSF          *              0             0               
     8 xPF          *              0             0               
     9 xHU          *              0             0               
    10 xLF          *            166             0               

Integer feasibility conditions:

KKT.PE: max.abs.err = 0.00e+00 on row 0
        max.rel.err = 0.00e+00 on row 0
        High quality

KKT.PB: max.abs.err = 0.00e+00 on row 0
        max.rel.err = 0.00e+00 on row 0
        High quality

End of output
